<?xml version="1.0" encoding="UTF-8"?>
<!-- Generated by org.testng.reporters.JUnitXMLReporter -->
<testsuite ignored="0" hostname="LAPTOP-8LOUFHRQ" failures="1" tests="2" name="Surefire test" time="25.762" errors="0" timestamp="2025-01-24T18:18:55 ICT">
  <testcase classname="io.cucumber.testng.AbstractTestNGCucumberTests" name="runScenario" time="10.698">
    <failure type="java.lang.AssertionError" message="expected [Warning: Your account has exceeded allowed number of login attempts. Please try again in 1 hour.] but found [Warning: No match for E-Mail Address and/or Password.]">
      <![CDATA[java.lang.AssertionError: expected [Warning: Your account has exceeded allowed number of login attempts. Please try again in 1 hour.] but found [Warning: No match for E-Mail Address and/or Password.]
at ojosanco.stepDefinitions.StepDefinitionImpl.something_message_is_displayed(StepDefinitionImpl.java:276)
at ✽."Warning: No match for E-Mail Address and/or Password." message is displayed(file:///C:/Users/ACER/eclipse-workspace/java/TestingProject/src/test/java/cucumber/ErrorValidations.feature:11)
... Removed 6 stack frames]]>
    </failure>
  </testcase> <!-- runScenario -->
  <testcase classname="io.cucumber.testng.AbstractTestNGCucumberTests" name="runScenario" time="8.242"/>
</testsuite> <!-- Surefire test -->
