<?xml version="1.0" encoding="UTF-8"?>
<!-- Generated by org.testng.reporters.JUnitXMLReporter -->
<testsuite ignored="2" hostname="LAPTOP-8LOUFHRQ" failures="1" tests="1" name="add product different categories" time="177.178" errors="0" timestamp="2025-01-15T16:34:08 ICT">
  <testcase classname="ojosanco.tests.CartTest" name="addMultipleCategoriesToCart" time="171.005">
    <failure type="java.lang.NumberFormatException" message="For input string: &amp;quot;1,202.00&amp;quot;">
      <![CDATA[java.lang.NumberFormatException: For input string: "1,202.00"
at java.base/jdk.internal.math.FloatingDecimal.readJavaFormatString(FloatingDecimal.java:2054)
at java.base/jdk.internal.math.FloatingDecimal.parseFloat(FloatingDecimal.java:122)
at java.base/java.lang.Float.parseFloat(Float.java:476)
at ojosanco.pagesobjects.EditCartPage.lambda$2(EditCartPage.java:76)
at java.base/java.util.ArrayList.forEach(ArrayList.java:1511)
at org.openqa.selenium.support.pagefactory.internal.LocatingElementListHandler.invoke(LocatingElementListHandler.java:39)
at jdk.proxy2/jdk.proxy2.$Proxy12.forEach(Unknown Source)
at ojosanco.pagesobjects.EditCartPage.getSumTotalProduct(EditCartPage.java:73)
at ojosanco.tests.CartTest.addMultipleCategoriesToCart(CartTest.java:96)
at java.base/java.util.ArrayList.forEach(ArrayList.java:1511)
at java.base/java.util.concurrent.FutureTask.run(FutureTask.java:264)
at java.base/java.util.concurrent.ThreadPoolExecutor.runWorker(ThreadPoolExecutor.java:1136)
at java.base/java.util.concurrent.ThreadPoolExecutor$Worker.run(ThreadPoolExecutor.java:635)
at java.base/java.lang.Thread.run(Thread.java:833)
... Removed 21 stack frames]]>
    </failure>
  </testcase> <!-- addMultipleCategoriesToCart -->
  <testcase classname="ojosanco.tests.CartTest" name="addProductMutipleTimes" time="0.0">
    <ignored/>
  </testcase> <!-- addProductMutipleTimes -->
  <testcase classname="ojosanco.tests.CartTest" name="addProductAvailable" time="0.0">
    <ignored/>
  </testcase> <!-- addProductAvailable -->
</testsuite> <!-- add product different categories -->
