<?xml version="1.0" encoding="UTF-8"?>
<!-- Generated by org.testng.reporters.JUnitXMLReporter -->
<testsuite ignored="2" hostname="LAPTOP-8LOUFHRQ" failures="0" tests="1" name="add product mutiple times" time="30.409" errors="0" timestamp="2025-01-15T16:26:14 ICT">
  <testcase classname="ojosanco.tests.CartTest" name="addProductMutipleTimes" time="24.19"/>
  <testcase classname="ojosanco.tests.CartTest" name="addProductAvailable" time="0.0">
    <ignored/>
  </testcase> <!-- addProductAvailable -->
  <testcase classname="ojosanco.tests.CartTest" name="addMultipleCategoriesToCart" time="0.0">
    <ignored/>
  </testcase> <!-- addMultipleCategoriesToCart -->
</testsuite> <!-- add product mutiple times -->
