<?xml version="1.0" encoding="UTF-8"?>
<!-- Generated by org.testng.reporters.JUnitXMLReporter -->
<testsuite ignored="2" hostname="LAPTOP-8LOUFHRQ" failures="0" tests="1" name="addMultipleCategoriesToCart" time="138.22" errors="0" timestamp="2025-01-08T17:35:22 ICT">
  <testcase classname="ojosanco.tests.CartTest" name="addMultipleCategoriesToCart" time="130.589"/>
  <testcase classname="ojosanco.tests.CartTest" name="addProductMutipleTimes" time="0.0">
    <ignored/>
  </testcase> <!-- addProductMutipleTimes -->
  <testcase classname="ojosanco.tests.CartTest" name="addProductAvailable" time="0.0">
    <ignored/>
  </testcase> <!-- addProductAvailable -->
</testsuite> <!-- addMultipleCategoriesToCart -->
