<?xml version="1.0" encoding="UTF-8"?>
<!-- Generated by org.testng.reporters.JUnitXMLReporter -->
<testsuite ignored="2" hostname="LAPTOP-8LOUFHRQ" failures="0" tests="1" name="addProductMutipleTimes" time="27.265" errors="0" timestamp="2025-01-08T17:33:31 ICT">
  <testcase classname="ojosanco.tests.CartTest" name="addProductMutipleTimes" time="22.49"/>
  <testcase classname="ojosanco.tests.CartTest" name="addProductAvailable" time="0.0">
    <ignored/>
  </testcase> <!-- addProductAvailable -->
  <testcase classname="ojosanco.tests.CartTest" name="addMultipleCategoriesToCart" time="0.0">
    <ignored/>
  </testcase> <!-- addMultipleCategoriesToCart -->
</testsuite> <!-- addProductMutipleTimes -->
