<?xml version="1.0" encoding="UTF-8"?>
<!-- Generated by org.testng.reporters.JUnitXMLReporter -->
<testsuite ignored="2" hostname="LAPTOP-8LOUFHRQ" failures="0" tests="1" name="addProductAvailable" time="48.319" errors="0" timestamp="2025-01-13T17:29:10 ICT">
  <testcase classname="ojosanco.tests.CartTest" name="addProductAvailable" time="39.654"/>
  <testcase classname="ojosanco.tests.CartTest" name="addProductMutipleTimes" time="0.0">
    <ignored/>
  </testcase> <!-- addProductMutipleTimes -->
  <testcase classname="ojosanco.tests.CartTest" name="addMultipleCategoriesToCart" time="0.0">
    <ignored/>
  </testcase> <!-- addMultipleCategoriesToCart -->
</testsuite> <!-- addProductAvailable -->
