<?xml version="1.0" encoding="UTF-8"?>
<!-- Generated by org.testng.reporters.JUnitXMLReporter -->
<testsuite ignored="2" hostname="LAPTOP-8LOUFHRQ" failures="0" tests="1" name="Cart" time="22.008" errors="0" timestamp="2025-01-08T17:16:52 ICT">
  <testcase classname="ojosanco.tests.CartTest" name="addProductMutipleTimes" time="13.628"/>
  <testcase classname="ojosanco.tests.CartTest" name="addMultipleCategoriesToCart" time="0.0">
    <ignored/>
  </testcase> <!-- addMultipleCategoriesToCart -->
  <testcase classname="ojosanco.tests.CartTest" name="addProductAvailable" time="0.0">
    <ignored/>
  </testcase> <!-- addProductAvailable -->
</testsuite> <!-- Cart -->
