<?xml version="1.0" encoding="UTF-8"?>
<!-- Generated by org.testng.reporters.JUnitXMLReporter -->
<testsuite ignored="1" hostname="LAPTOP-8LOUFHRQ" failures="0" tests="1" name="error login" time="15.496" errors="0" timestamp="2025-01-22T12:20:38 ICT">
  <testcase classname="ojosanco.tests.ErrorLoginTest" name="confirmErrorForgotPassword" time="6.683"/>
  <testcase classname="ojosanco.tests.ErrorLoginTest" name="loginErrorValidation" time="0.0">
    <ignored/>
  </testcase> <!-- loginErrorValidation -->
</testsuite> <!-- error login -->
