<?xml version="1.0" encoding="UTF-8"?>
<!-- Generated by org.testng.reporters.JUnitXMLReporter -->
<testsuite ignored="1" hostname="LAPTOP-8LOUFHRQ" failures="0" tests="1" name="Login" time="9.414" errors="0" timestamp="2025-01-06T17:34:53 ICT">
  <testcase classname="ojosanco.tests.LoginTest" name="testLoginWithValidCredentials" time="3.31"/>
  <testcase classname="ojosanco.tests.LoginTest" name="testLoginWithForgotPassword" time="0.0">
    <ignored/>
  </testcase> <!-- testLoginWithForgotPassword -->
</testsuite> <!-- Login -->
