<?xml version="1.0" encoding="UTF-8"?>
<!-- Generated by org.testng.reporters.JUnitXMLReporter -->
<testsuite ignored="1" hostname="LAPTOP-8LOUFHRQ" failures="0" tests="1" name="Valid login" time="12.846" errors="0" timestamp="2025-01-21T16:27:51 ICT">
  <testcase classname="ojosanco.tests.LoginTest" name="testLoginWithValidCredentials" time="4.72"/>
  <testcase classname="ojosanco.tests.LoginTest" name="testLoginWithForgotPassword" time="0.0">
    <ignored/>
  </testcase> <!-- testLoginWithForgotPassword -->
</testsuite> <!-- Valid login -->
